<?xml version="1.0" encoding="UTF-8"?>
<!-- Generated by org.testng.reporters.JUnitXMLReporter -->
<testsuite ignored="0" hostname="DESKTOP-HSA7SQF" failures="0" tests="3" name="Java Automation Project" time="15.615" errors="0" timestamp="2025-12-10T11:41:51 EET">
  <testcase classname="TestNG.HomePageTest" name="testAcceptedCookies" time="0.091"/>
  <testcase classname="TestNG.HomePageTest" name="testHomePage" time="0.027"/>
  <testcase classname="TestNG.HomePageTest" name="testSearchFunction" time="1.961"/>
</testsuite> <!-- Java Automation Project -->
