<?xml version="1.0" encoding="UTF-8"?>
<testng-results ignored="0" total="2" passed="2" failed="0" skipped="0">
  <reporter-output>
  </reporter-output>
  <suite started-at="2025-11-17T17:12:56 EET" name="Default Suite" finished-at="2025-11-17T17:13:13 EET" duration-ms="17229">
    <groups>
    </groups>
    <test started-at="2025-11-17T17:12:56 EET" name="Java Automation Project" finished-at="2025-11-17T17:13:13 EET" duration-ms="17229">
      <class name="TestNG.HomePageTest">
        <test-method is-config="true" signature="setup()[pri:0, instance:TestNG.HomePageTest@23f7d05d]" started-at="2025-11-17T17:12:56 EET" name="setup" finished-at="2025-11-17T17:13:04 EET" duration-ms="8602" status="PASS">
          <reporter-output>
          </reporter-output>
        </test-method> <!-- setup -->
        <test-method signature="testAcceptedCookies()[pri:0, instance:TestNG.HomePageTest@23f7d05d]" started-at="2025-11-17T17:13:04 EET" name="testAcceptedCookies" finished-at="2025-11-17T17:13:05 EET" duration-ms="242" status="PASS">
          <reporter-output>
          </reporter-output>
        </test-method> <!-- testAcceptedCookies -->
        <test-method is-config="true" signature="teardown()[pri:0, instance:TestNG.HomePageTest@23f7d05d]" started-at="2025-11-17T17:13:05 EET" name="teardown" finished-at="2025-11-17T17:13:05 EET" duration-ms="658" status="PASS">
          <reporter-output>
          </reporter-output>
        </test-method> <!-- teardown -->
        <test-method is-config="true" signature="setup()[pri:0, instance:TestNG.HomePageTest@23f7d05d]" started-at="2025-11-17T17:13:05 EET" name="setup" finished-at="2025-11-17T17:13:08 EET" duration-ms="2227" status="PASS">
          <reporter-output>
          </reporter-output>
        </test-method> <!-- setup -->
        <test-method signature="testHomePage()[pri:0, instance:TestNG.HomePageTest@23f7d05d]" started-at="2025-11-17T17:13:08 EET" name="testHomePage" finished-at="2025-11-17T17:13:12 EET" duration-ms="4719" status="PASS">
          <reporter-output>
          </reporter-output>
        </test-method> <!-- testHomePage -->
        <test-method is-config="true" signature="teardown()[pri:0, instance:TestNG.HomePageTest@23f7d05d]" started-at="2025-11-17T17:13:12 EET" name="teardown" finished-at="2025-11-17T17:13:13 EET" duration-ms="647" status="PASS">
          <reporter-output>
          </reporter-output>
        </test-method> <!-- teardown -->
      </class> <!-- TestNG.HomePageTest -->
    </test> <!-- Java Automation Project -->
  </suite> <!-- Default Suite -->
</testng-results>
