<?xml version="1.0" encoding="UTF-8"?>
<testng-results ignored="0" total="3" passed="3" failed="0" skipped="0">
  <reporter-output>
  </reporter-output>
  <suite started-at="2025-12-10T11:41:35 EET" name="Default Suite" finished-at="2025-12-10T11:41:51 EET" duration-ms="15615">
    <groups>
    </groups>
    <test started-at="2025-12-10T11:41:35 EET" name="Java Automation Project" finished-at="2025-12-10T11:41:51 EET" duration-ms="15615">
      <class name="TestNG.HomePageTest">
        <test-method is-config="true" signature="setup()[pri:0, instance:TestNG.HomePageTest@4c15e7fd]" started-at="2025-12-10T11:41:35 EET" name="setup" finished-at="2025-12-10T11:41:40 EET" duration-ms="4525" status="PASS">
          <reporter-output>
          </reporter-output>
        </test-method> <!-- setup -->
        <test-method signature="testAcceptedCookies()[pri:0, instance:TestNG.HomePageTest@4c15e7fd]" started-at="2025-12-10T11:41:40 EET" name="testAcceptedCookies" finished-at="2025-12-10T11:41:40 EET" duration-ms="91" status="PASS">
          <reporter-output>
          </reporter-output>
        </test-method> <!-- testAcceptedCookies -->
        <test-method is-config="true" signature="teardown()[pri:0, instance:TestNG.HomePageTest@4c15e7fd]" started-at="2025-12-10T11:41:40 EET" name="teardown" finished-at="2025-12-10T11:41:40 EET" duration-ms="379" status="PASS">
          <reporter-output>
          </reporter-output>
        </test-method> <!-- teardown -->
        <test-method is-config="true" signature="setup()[pri:0, instance:TestNG.HomePageTest@4c15e7fd]" started-at="2025-12-10T11:41:40 EET" name="setup" finished-at="2025-12-10T11:41:44 EET" duration-ms="3996" status="PASS">
          <reporter-output>
          </reporter-output>
        </test-method> <!-- setup -->
        <test-method signature="testHomePage()[pri:0, instance:TestNG.HomePageTest@4c15e7fd]" started-at="2025-12-10T11:41:44 EET" name="testHomePage" finished-at="2025-12-10T11:41:44 EET" duration-ms="27" status="PASS">
          <reporter-output>
          </reporter-output>
        </test-method> <!-- testHomePage -->
        <test-method is-config="true" signature="teardown()[pri:0, instance:TestNG.HomePageTest@4c15e7fd]" started-at="2025-12-10T11:41:44 EET" name="teardown" finished-at="2025-12-10T11:41:45 EET" duration-ms="365" status="PASS">
          <reporter-output>
          </reporter-output>
        </test-method> <!-- teardown -->
        <test-method is-config="true" signature="setup()[pri:0, instance:TestNG.HomePageTest@4c15e7fd]" started-at="2025-12-10T11:41:45 EET" name="setup" finished-at="2025-12-10T11:41:49 EET" duration-ms="3844" status="PASS">
          <reporter-output>
          </reporter-output>
        </test-method> <!-- setup -->
        <test-method signature="testSearchFunction()[pri:0, instance:TestNG.HomePageTest@4c15e7fd]" started-at="2025-12-10T11:41:49 EET" name="testSearchFunction" finished-at="2025-12-10T11:41:50 EET" duration-ms="1961" status="PASS">
          <reporter-output>
          </reporter-output>
        </test-method> <!-- testSearchFunction -->
        <test-method is-config="true" signature="teardown()[pri:0, instance:TestNG.HomePageTest@4c15e7fd]" started-at="2025-12-10T11:41:50 EET" name="teardown" finished-at="2025-12-10T11:41:51 EET" duration-ms="366" status="PASS">
          <reporter-output>
          </reporter-output>
        </test-method> <!-- teardown -->
      </class> <!-- TestNG.HomePageTest -->
    </test> <!-- Java Automation Project -->
  </suite> <!-- Default Suite -->
</testng-results>
