<?xml version="1.0" encoding="UTF-8"?>
<!-- Generated by org.testng.reporters.JUnitReportReporter -->
<testsuite hostname="DESKTOP-HSA7SQF" failures="0" tests="3" name="TestNG.HomePageTest" time="15.554" errors="0" timestamp="2025-12-10T11:41:51 EET" skipped="0">
  <testcase classname="TestNG.HomePageTest" name="testHomePage" time="4.236"/>
  <testcase classname="TestNG.HomePageTest" name="testSearchFunction" time="6.323"/>
  <testcase classname="TestNG.HomePageTest" name="testAcceptedCookies" time="4.995"/>
</testsuite> <!-- TestNG.HomePageTest -->
